  [1m[35m (103.3ms)[0m  [1m[35mCREATE DATABASE "app_development" ENCODING = 'unicode' /*application='App'*/[0m
  [1m[35m (104.5ms)[0m  [1m[35mCREATE DATABASE "app_development" ENCODING = 'unicode' /*application='App'*/[0m
  [1m[35mSQL (0.6ms)[0m  [1m[35mSET search_path TO public /*application='App'*/[0m
  [1m[35m (415.2ms)[0m  [1m[35mCREATE DATABASE "app_development" ENCODING = 'unicode' /*application='App'*/[0m
  [1m[35mSQL (0.6ms)[0m  [1m[35mSET search_path TO public /*application='App'*/[0m
  [1m[35m (93.6ms)[0m  [1m[35mCREATE DATABASE "app_test" ENCODING = 'unicode' /*application='App'*/[0m
  [1m[35m (9.3ms)[0m  [1m[35mCREATE TABLE "schema_migrations" ("version" character varying NOT NULL PRIMARY KEY) /*application='App'*/[0m
  [1m[35m (7.0ms)[0m  [1m[35mCREATE TABLE "ar_internal_metadata" ("key" character varying NOT NULL PRIMARY KEY, "value" character varying, "created_at" timestamp(6) NOT NULL, "updated_at" timestamp(6) NOT NULL) /*application='App'*/[0m
  [1m[35m (0.3ms)[0m  [1m[34mSELECT pg_try_advisory_lock(5277929974492897470) /*application='App'*/[0m
  [1m[36mActiveRecord::SchemaMigration Load (0.6ms)[0m  [1m[34mSELECT "schema_migrations"."version" FROM "schema_migrations" ORDER BY "schema_migrations"."version" ASC /*application='App'*/[0m
  [1m[36mActiveRecord::InternalMetadata Load (0.8ms)[0m  [1m[34mSELECT * FROM "ar_internal_metadata" WHERE "ar_internal_metadata"."key" = 'environment' ORDER BY "ar_internal_metadata"."key" ASC LIMIT 1 /*application='App'*/[0m
  [1m[36mActiveRecord::InternalMetadata Create (4.7ms)[0m  [1m[32mINSERT INTO "ar_internal_metadata" ("key", "value", "created_at", "updated_at") VALUES ('environment', 'development', '2026-03-23 22:59:36.713549', '2026-03-23 22:59:36.713551') RETURNING "key" /*application='App'*/[0m
Migrating to CreateActiveStorageTables (20260323223937)
  [1m[36mTRANSACTION (0.3ms)[0m  [1m[35mBEGIN /*application='App'*/[0m
  [1m[35m (13.1ms)[0m  [1m[35mCREATE TABLE "active_storage_blobs" ("id" bigserial primary key, "key" character varying NOT NULL, "filename" character varying NOT NULL, "content_type" character varying, "metadata" text, "service_name" character varying NOT NULL, "byte_size" bigint NOT NULL, "checksum" character varying, "created_at" timestamp(6) NOT NULL) /*application='App'*/[0m
  [1m[35m (1.9ms)[0m  [1m[35mCREATE UNIQUE INDEX "index_active_storage_blobs_on_key" ON "active_storage_blobs" ("key") /*application='App'*/[0m
  [1m[35m (6.3ms)[0m  [1m[35mCREATE TABLE "active_storage_attachments" ("id" bigserial primary key, "name" character varying NOT NULL, "record_type" character varying NOT NULL, "record_id" bigint NOT NULL, "blob_id" bigint NOT NULL, "created_at" timestamp(6) NOT NULL, CONSTRAINT "fk_rails_c3b3935057"
FOREIGN KEY ("blob_id")
  REFERENCES "active_storage_blobs" ("id")
) /*application='App'*/[0m
  [1m[35m (1.7ms)[0m  [1m[35mCREATE INDEX "index_active_storage_attachments_on_blob_id" ON "active_storage_attachments" ("blob_id") /*application='App'*/[0m
  [1m[35m (1.3ms)[0m  [1m[35mCREATE UNIQUE INDEX "index_active_storage_attachments_uniqueness" ON "active_storage_attachments" ("record_type", "record_id", "name", "blob_id") /*application='App'*/[0m
  [1m[35m (5.1ms)[0m  [1m[35mCREATE TABLE "active_storage_variant_records" ("id" bigserial primary key, "blob_id" bigint NOT NULL, "variation_digest" character varying NOT NULL, CONSTRAINT "fk_rails_993965df05"
FOREIGN KEY ("blob_id")
  REFERENCES "active_storage_blobs" ("id")
) /*application='App'*/[0m
  [1m[35m (3.6ms)[0m  [1m[35mCREATE UNIQUE INDEX "index_active_storage_variant_records_uniqueness" ON "active_storage_variant_records" ("blob_id", "variation_digest") /*application='App'*/[0m
  [1m[36mActiveRecord::SchemaMigration Create (0.5ms)[0m  [1m[32mINSERT INTO "schema_migrations" ("version") VALUES ('20260323223937') RETURNING "version" /*application='App'*/[0m
  [1m[36mTRANSACTION (2.0ms)[0m  [1m[35mCOMMIT /*application='App'*/[0m
Migrating to CreateSpinaTables (20260323224148)
  [1m[36mTRANSACTION (1.1ms)[0m  [1m[35mBEGIN /*application='App'*/[0m
  [1m[35m (9.5ms)[0m  [1m[35mDROP TABLE IF EXISTS "spina_accounts" CASCADE /*application='App'*/[0m
  [1m[35m (9.9ms)[0m  [1m[35mCREATE TABLE "spina_accounts" ("id" serial NOT NULL PRIMARY KEY, "name" character varying, "address" character varying, "postal_code" character varying, "city" character varying, "phone" character varying, "email" character varying, "preferences" text, "created_at" timestamp NOT NULL, "updated_at" timestamp NOT NULL, "robots_allowed" boolean DEFAULT FALSE) /*application='App'*/[0m
  [1m[35m (0.5ms)[0m  [1m[35mDROP TABLE IF EXISTS "spina_attachment_collections" CASCADE /*application='App'*/[0m
  [1m[35m (12.5ms)[0m  [1m[35mCREATE TABLE "spina_attachment_collections" ("id" serial NOT NULL PRIMARY KEY, "created_at" timestamp NOT NULL, "updated_at" timestamp NOT NULL) /*application='App'*/[0m
  [1m[35m (0.2ms)[0m  [1m[35mDROP TABLE IF EXISTS "spina_attachment_collections_attachments" CASCADE /*application='App'*/[0m
  [1m[35m (3.1ms)[0m  [1m[35mCREATE TABLE "spina_attachment_collections_attachments" ("id" serial NOT NULL PRIMARY KEY, "attachment_collection_id" integer, "attachment_id" integer) /*application='App'*/[0m
  [1m[35m (0.2ms)[0m  [1m[35mDROP TABLE IF EXISTS "spina_attachments" CASCADE /*application='App'*/[0m
  [1m[35m (3.4ms)[0m  [1m[35mCREATE TABLE "spina_attachments" ("id" serial NOT NULL PRIMARY KEY, "file" character varying, "created_at" timestamp NOT NULL, "updated_at" timestamp NOT NULL) /*application='App'*/[0m
  [1m[35m (0.2ms)[0m  [1m[35mDROP TABLE IF EXISTS "spina_layout_parts" CASCADE /*application='App'*/[0m
  [1m[35m (8.2ms)[0m  [1m[35mCREATE TABLE "spina_layout_parts" ("id" serial NOT NULL PRIMARY KEY, "title" character varying, "name" character varying, "layout_partable_id" integer, "layout_partable_type" character varying, "created_at" timestamp, "updated_at" timestamp, "account_id" integer) /*application='App'*/[0m
  [1m[35m (0.2ms)[0m  [1m[35mDROP TABLE IF EXISTS "spina_lines" CASCADE /*application='App'*/[0m
  [1m[35m (3.3ms)[0m  [1m[35mCREATE TABLE "spina_lines" ("id" serial NOT NULL PRIMARY KEY, "content" character varying, "created_at" timestamp, "updated_at" timestamp) /*application='App'*/[0m
  [1m[35m (0.3ms)[0m  [1m[35mDROP TABLE IF EXISTS "spina_page_parts" CASCADE /*application='App'*/[0m
  [1m[35m (4.2ms)[0m  [1m[35mCREATE TABLE "spina_page_parts" ("id" serial NOT NULL PRIMARY KEY, "title" character varying, "name" character varying, "created_at" timestamp NOT NULL, "updated_at" timestamp NOT NULL, "page_id" integer, "page_partable_id" integer, "page_partable_type" character varying) /*application='App'*/[0m
  [1m[35m (0.2ms)[0m  [1m[35mDROP TABLE IF EXISTS "spina_pages" CASCADE /*application='App'*/[0m
  [1m[35m (7.2ms)[0m  [1m[35mCREATE TABLE "spina_pages" ("id" serial NOT NULL PRIMARY KEY, "title" character varying, "menu_title" character varying, "description" character varying, "show_in_menu" boolean DEFAULT TRUE, "slug" character varying, "deletable" boolean DEFAULT TRUE, "created_at" timestamp NOT NULL, "updated_at" timestamp NOT NULL, "name" character varying, "seo_title" character varying, "skip_to_first_child" boolean DEFAULT FALSE, "view_template" character varying, "layout_template" character varying, "draft" boolean DEFAULT FALSE, "link_url" character varying, "ancestry" character varying, "position" integer, "materialized_path" character varying, "active" boolean DEFAULT TRUE) /*application='App'*/[0m
  [1m[35m (0.2ms)[0m  [1m[35mDROP TABLE IF EXISTS "spina_structure_items" CASCADE /*application='App'*/[0m
  [1m[35m (1.9ms)[0m  [1m[35mCREATE TABLE "spina_structure_items" ("id" serial NOT NULL PRIMARY KEY, "structure_id" integer, "position" integer, "created_at" timestamp, "updated_at" timestamp) /*application='App'*/[0m
  [1m[35m (2.6ms)[0m  [1m[35mCREATE INDEX "index_spina_structure_items_on_structure_id" ON "spina_structure_items" USING btree ("structure_id") /*application='App'*/[0m
  [1m[35m (0.6ms)[0m  [1m[35mDROP TABLE IF EXISTS "spina_structure_parts" CASCADE /*application='App'*/[0m
  [1m[35m (7.4ms)[0m  [1m[35mCREATE TABLE "spina_structure_parts" ("id" serial NOT NULL PRIMARY KEY, "structure_item_id" integer, "structure_partable_id" integer, "structure_partable_type" character varying, "name" character varying, "title" character varying, "created_at" timestamp, "updated_at" timestamp) /*application='App'*/[0m
  [1m[35m (2.8ms)[0m  [1m[35mCREATE INDEX "index_spina_structure_parts_on_structure_item_id" ON "spina_structure_parts" USING btree ("structure_item_id") /*application='App'*/[0m
  [1m[35m (2.0ms)[0m  [1m[35mCREATE INDEX "index_spina_structure_parts_on_structure_partable_id" ON "spina_structure_parts" USING btree ("structure_partable_id") /*application='App'*/[0m
  [1m[35m (0.2ms)[0m  [1m[35mDROP TABLE IF EXISTS "spina_structures" CASCADE /*application='App'*/[0m
  [1m[35m (3.5ms)[0m  [1m[35mCREATE TABLE "spina_structures" ("id" serial NOT NULL PRIMARY KEY, "created_at" timestamp, "updated_at" timestamp) /*application='App'*/[0m
  [1m[35m (0.3ms)[0m  [1m[35mDROP TABLE IF EXISTS "spina_texts" CASCADE /*application='App'*/[0m
  [1m[35m (6.5ms)[0m  [1m[35mCREATE TABLE "spina_texts" ("id" serial NOT NULL PRIMARY KEY, "content" text, "created_at" timestamp, "updated_at" timestamp) /*application='App'*/[0m
  [1m[35m (0.3ms)[0m  [1m[35mDROP TABLE IF EXISTS "spina_users" CASCADE /*application='App'*/[0m
  [1m[35m (3.8ms)[0m  [1m[35mCREATE TABLE "spina_users" ("id" serial NOT NULL PRIMARY KEY, "name" character varying, "email" character varying, "password_digest" character varying, "admin" boolean DEFAULT FALSE, "created_at" timestamp NOT NULL, "updated_at" timestamp NOT NULL, "last_logged_in" timestamp) /*application='App'*/[0m
  [1m[35m (0.3ms)[0m  [1m[35mDROP TABLE IF EXISTS "spina_rewrite_rules" CASCADE /*application='App'*/[0m
  [1m[35m (3.8ms)[0m  [1m[35mCREATE TABLE "spina_rewrite_rules" ("id" serial NOT NULL PRIMARY KEY, "old_path" character varying, "new_path" character varying, "created_at" timestamp, "updated_at" timestamp) /*application='App'*/[0m
  [1m[36mActiveRecord::SchemaMigration Create (0.3ms)[0m  [1m[32mINSERT INTO "schema_migrations" ("version") VALUES ('20260323224148') RETURNING "version" /*application='App'*/[0m
  [1m[36mTRANSACTION (1.0ms)[0m  [1m[35mCOMMIT /*application='App'*/[0m
Migrating to CreateSpinaTranslationTables (20260323224149)
  [1m[36mTRANSACTION (0.7ms)[0m  [1m[35mBEGIN /*application='App'*/[0m
  [1m[35m (2.4ms)[0m  [1m[35mDROP TABLE IF EXISTS "spina_page_translations" CASCADE /*application='App'*/[0m
  [1m[35m (5.8ms)[0m  [1m[35mCREATE TABLE "spina_page_translations" ("id" serial NOT NULL PRIMARY KEY, "spina_page_id" integer NOT NULL, "locale" character varying NOT NULL, "title" character varying, "menu_title" character varying, "description" character varying, "seo_title" character varying, "materialized_path" character varying, "created_at" timestamp NOT NULL, "updated_at" timestamp NOT NULL) /*application='App'*/[0m
  [1m[35m (1.5ms)[0m  [1m[35mCREATE INDEX "index_spina_page_translations_on_locale" ON "spina_page_translations" ("locale") /*application='App'*/[0m
  [1m[35m (1.4ms)[0m  [1m[35mCREATE INDEX "index_spina_page_translations_on_spina_page_id" ON "spina_page_translations" ("spina_page_id") /*application='App'*/[0m
  [1m[35m (0.2ms)[0m  [1m[35mDROP TABLE IF EXISTS "spina_line_translations" CASCADE /*application='App'*/[0m
  [1m[35m (4.8ms)[0m  [1m[35mCREATE TABLE "spina_line_translations" ("id" serial NOT NULL PRIMARY KEY, "spina_line_id" integer NOT NULL, "locale" character varying NOT NULL, "content" character varying, "created_at" timestamp NOT NULL, "updated_at" timestamp NOT NULL) /*application='App'*/[0m
  [1m[35m (2.4ms)[0m  [1m[35mCREATE INDEX "index_spina_line_translations_on_locale" ON "spina_line_translations" ("locale") /*application='App'*/[0m
  [1m[35m (1.8ms)[0m  [1m[35mCREATE INDEX "index_spina_line_translations_on_spina_line_id" ON "spina_line_translations" ("spina_line_id") /*application='App'*/[0m
  [1m[35m (0.3ms)[0m  [1m[35mDROP TABLE IF EXISTS "spina_text_translations" CASCADE /*application='App'*/[0m
  [1m[35m (3.7ms)[0m  [1m[35mCREATE TABLE "spina_text_translations" ("id" serial NOT NULL PRIMARY KEY, "spina_text_id" integer NOT NULL, "locale" character varying NOT NULL, "content" text, "created_at" timestamp NOT NULL, "updated_at" timestamp NOT NULL) /*application='App'*/[0m
  [1m[35m (1.3ms)[0m  [1m[35mCREATE INDEX "index_spina_text_translations_on_locale" ON "spina_text_translations" ("locale") /*application='App'*/[0m
  [1m[35m (1.3ms)[0m  [1m[35mCREATE INDEX "index_spina_text_translations_on_spina_text_id" ON "spina_text_translations" ("spina_text_id") /*application='App'*/[0m
  [1m[36mActiveRecord::SchemaMigration Create (0.2ms)[0m  [1m[32mINSERT INTO "schema_migrations" ("version") VALUES ('20260323224149') RETURNING "version" /*application='App'*/[0m
  [1m[36mTRANSACTION (1.6ms)[0m  [1m[35mCOMMIT /*application='App'*/[0m
Migrating to CreateSpinaNavigations (20260323224150)
  [1m[36mTRANSACTION (0.4ms)[0m  [1m[35mBEGIN /*application='App'*/[0m
  [1m[35m (2.0ms)[0m  [1m[35mDROP TABLE IF EXISTS "spina_navigations" CASCADE /*application='App'*/[0m
  [1m[35m (9.2ms)[0m  [1m[35mCREATE TABLE "spina_navigations" ("id" serial NOT NULL PRIMARY KEY, "name" character varying NOT NULL, "label" character varying NOT NULL, "auto_add_pages" boolean DEFAULT FALSE NOT NULL, "position" integer DEFAULT 0 NOT NULL, "created_at" timestamp, "updated_at" timestamp) /*application='App'*/[0m
  [1m[35m (3.5ms)[0m  [1m[35mCREATE UNIQUE INDEX "index_spina_navigations_on_name" ON "spina_navigations" USING btree ("name") /*application='App'*/[0m
  [1m[35m (0.3ms)[0m  [1m[35mDROP TABLE IF EXISTS "spina_navigation_items" CASCADE /*application='App'*/[0m
  [1m[35m (4.2ms)[0m  [1m[35mCREATE TABLE "spina_navigation_items" ("id" serial NOT NULL PRIMARY KEY, "page_id" integer NOT NULL, "navigation_id" integer NOT NULL, "position" integer DEFAULT 0 NOT NULL, "ancestry" character varying, "created_at" timestamp, "updated_at" timestamp) /*application='App'*/[0m
  [1m[35m (2.2ms)[0m  [1m[35mCREATE UNIQUE INDEX "index_spina_navigation_items_on_page_id_and_navigation_id" ON "spina_navigation_items" USING btree ("page_id", "navigation_id") /*application='App'*/[0m
  [1m[36mActiveRecord::SchemaMigration Create (0.2ms)[0m  [1m[32mINSERT INTO "schema_migrations" ("version") VALUES ('20260323224150') RETURNING "version" /*application='App'*/[0m
  [1m[36mTRANSACTION (0.7ms)[0m  [1m[35mCOMMIT /*application='App'*/[0m
Migrating to AddPasswordResetTokenToSpinaUsers (20260323224151)
  [1m[36mTRANSACTION (0.3ms)[0m  [1m[35mBEGIN /*application='App'*/[0m
  [1m[35m (3.6ms)[0m  [1m[35mALTER TABLE "spina_users" ADD "password_reset_token" character varying /*application='App'*/[0m
  [1m[35m (0.3ms)[0m  [1m[35mALTER TABLE "spina_users" ADD "password_reset_sent_at" timestamp /*application='App'*/[0m
  [1m[36mActiveRecord::SchemaMigration Create (0.3ms)[0m  [1m[32mINSERT INTO "schema_migrations" ("version") VALUES ('20260323224151') RETURNING "version" /*application='App'*/[0m
  [1m[36mTRANSACTION (3.9ms)[0m  [1m[35mCOMMIT /*application='App'*/[0m
Migrating to RemoveTranslatedColumns (20260323224152)
  [1m[36mTRANSACTION (0.3ms)[0m  [1m[35mBEGIN /*application='App'*/[0m
  [1m[35m (3.1ms)[0m  [1m[35mALTER TABLE "spina_lines" DROP COLUMN "content" /*application='App'*/[0m
  [1m[35m (0.4ms)[0m  [1m[35mALTER TABLE "spina_texts" DROP COLUMN "content" /*application='App'*/[0m
  [1m[35m (0.4ms)[0m  [1m[35mALTER TABLE "spina_pages" DROP COLUMN "title" /*application='App'*/[0m
  [1m[35m (0.4ms)[0m  [1m[35mALTER TABLE "spina_pages" DROP COLUMN "menu_title" /*application='App'*/[0m
  [1m[35m (0.4ms)[0m  [1m[35mALTER TABLE "spina_pages" DROP COLUMN "description" /*application='App'*/[0m
  [1m[35m (0.3ms)[0m  [1m[35mALTER TABLE "spina_pages" DROP COLUMN "seo_title" /*application='App'*/[0m
  [1m[35m (0.6ms)[0m  [1m[35mALTER TABLE "spina_pages" DROP COLUMN "materialized_path" /*application='App'*/[0m
  [1m[36mActiveRecord::SchemaMigration Create (0.5ms)[0m  [1m[32mINSERT INTO "schema_migrations" ("version") VALUES ('20260323224152') RETURNING "version" /*application='App'*/[0m
  [1m[36mTRANSACTION (3.8ms)[0m  [1m[35mCOMMIT /*application='App'*/[0m
Migrating to CreateSpinaOptions (20260323224153)
  [1m[36mTRANSACTION (0.3ms)[0m  [1m[35mBEGIN /*application='App'*/[0m
  [1m[35m (11.0ms)[0m  [1m[35mCREATE TABLE "spina_options" ("id" serial NOT NULL PRIMARY KEY, "value" character varying, "created_at" timestamp NOT NULL, "updated_at" timestamp NOT NULL) /*application='App'*/[0m
  [1m[36mActiveRecord::SchemaMigration Create (0.4ms)[0m  [1m[32mINSERT INTO "schema_migrations" ("version") VALUES ('20260323224153') RETURNING "version" /*application='App'*/[0m
  [1m[36mTRANSACTION (1.2ms)[0m  [1m[35mCOMMIT /*application='App'*/[0m
Migrating to CreateSpinaSettings (20260323224154)
  [1m[36mTRANSACTION (0.4ms)[0m  [1m[35mBEGIN /*application='App'*/[0m
  [1m[35m (9.6ms)[0m  [1m[35mCREATE TABLE "spina_settings" ("id" serial NOT NULL PRIMARY KEY, "plugin" character varying, "preferences" jsonb DEFAULT '{}', "created_at" timestamp NOT NULL, "updated_at" timestamp NOT NULL) /*application='App'*/[0m
  [1m[35m (2.6ms)[0m  [1m[35mCREATE INDEX "index_spina_settings_on_plugin" ON "spina_settings" ("plugin") /*application='App'*/[0m
  [1m[36mActiveRecord::SchemaMigration Create (0.3ms)[0m  [1m[32mINSERT INTO "schema_migrations" ("version") VALUES ('20260323224154') RETURNING "version" /*application='App'*/[0m
  [1m[36mTRANSACTION (0.8ms)[0m  [1m[35mCOMMIT /*application='App'*/[0m
Migrating to CreateSpinaMediaFolders (20260323224155)
  [1m[36mTRANSACTION (0.3ms)[0m  [1m[35mBEGIN /*application='App'*/[0m
  [1m[35m (9.1ms)[0m  [1m[35mCREATE TABLE "spina_media_folders" ("id" bigserial primary key, "name" character varying, "created_at" timestamp NOT NULL, "updated_at" timestamp NOT NULL) /*application='App'*/[0m
  [1m[36mActiveRecord::SchemaMigration Create (0.3ms)[0m  [1m[32mINSERT INTO "schema_migrations" ("version") VALUES ('20260323224155') RETURNING "version" /*application='App'*/[0m
  [1m[36mTRANSACTION (0.6ms)[0m  [1m[35mCOMMIT /*application='App'*/[0m
Migrating to CreateSpinaImages (20260323224156)
  [1m[36mTRANSACTION (0.2ms)[0m  [1m[35mBEGIN /*application='App'*/[0m
  [1m[35m (5.7ms)[0m  [1m[35mCREATE TABLE "spina_images" ("id" bigserial primary key, "media_folder_id" integer, "created_at" timestamp NOT NULL, "updated_at" timestamp NOT NULL) /*application='App'*/[0m
  [1m[35m (2.0ms)[0m  [1m[35mCREATE INDEX "index_spina_images_on_media_folder_id" ON "spina_images" ("media_folder_id") /*application='App'*/[0m
  [1m[36mActiveRecord::SchemaMigration Create (0.4ms)[0m  [1m[32mINSERT INTO "schema_migrations" ("version") VALUES ('20260323224156') RETURNING "version" /*application='App'*/[0m
  [1m[36mTRANSACTION (0.8ms)[0m  [1m[35mCOMMIT /*application='App'*/[0m
Migrating to CreateSpinaImageCollections (20260323224157)
  [1m[36mTRANSACTION (0.2ms)[0m  [1m[35mBEGIN /*application='App'*/[0m
  [1m[35m (3.7ms)[0m  [1m[35mCREATE TABLE "spina_image_collections" ("id" bigserial primary key, "created_at" timestamp NOT NULL, "updated_at" timestamp NOT NULL) /*application='App'*/[0m
  [1m[35m (0.4ms)[0m  [1m[35mDROP TABLE IF EXISTS "spina_image_collections_images" CASCADE /*application='App'*/[0m
  [1m[35m (4.4ms)[0m  [1m[35mCREATE TABLE "spina_image_collections_images" ("id" serial NOT NULL PRIMARY KEY, "image_collection_id" integer, "image_id" integer, "position" integer) /*application='App'*/[0m
  [1m[35m (3.3ms)[0m  [1m[35mCREATE INDEX "index_spina_image_collections_images_on_image_collection_id" ON "spina_image_collections_images" ("image_collection_id") /*application='App'*/[0m
  [1m[35m (2.2ms)[0m  [1m[35mCREATE INDEX "index_spina_image_collections_images_on_image_id" ON "spina_image_collections_images" ("image_id") /*application='App'*/[0m
  [1m[36mActiveRecord::SchemaMigration Create (0.3ms)[0m  [1m[32mINSERT INTO "schema_migrations" ("version") VALUES ('20260323224157') RETURNING "version" /*application='App'*/[0m
  [1m[36mTRANSACTION (1.3ms)[0m  [1m[35mCOMMIT /*application='App'*/[0m
Migrating to CreateSpinaResources (20260323224158)
  [1m[36mTRANSACTION (0.4ms)[0m  [1m[35mBEGIN /*application='App'*/[0m
  [1m[35m (13.2ms)[0m  [1m[35mCREATE TABLE "spina_resources" ("id" bigserial primary key, "name" character varying NOT NULL, "label" character varying, "view_template" character varying, "order_by" character varying, "created_at" timestamp NOT NULL, "updated_at" timestamp NOT NULL) /*application='App'*/[0m
  [1m[35m (0.5ms)[0m  [1m[35mALTER TABLE "spina_pages" ADD "resource_id" integer /*application='App'*/[0m
  [1m[35m (3.1ms)[0m  [1m[35mCREATE INDEX "index_spina_pages_on_resource_id" ON "spina_pages" ("resource_id") /*application='App'*/[0m
  [1m[36mActiveRecord::SchemaMigration Create (0.3ms)[0m  [1m[32mINSERT INTO "schema_migrations" ("version") VALUES ('20260323224158') RETURNING "version" /*application='App'*/[0m
  [1m[36mTRANSACTION (0.8ms)[0m  [1m[35mCOMMIT /*application='App'*/[0m
Migrating to AddUrlTitleToSpinaPageTranslations (20260323224159)
  [1m[36mTRANSACTION (0.3ms)[0m  [1m[35mBEGIN /*application='App'*/[0m
  [1m[35m (2.0ms)[0m  [1m[35mALTER TABLE "spina_page_translations" ADD "url_title" character varying /*application='App'*/[0m
  [1m[36mActiveRecord::SchemaMigration Create (0.3ms)[0m  [1m[32mINSERT INTO "schema_migrations" ("version") VALUES ('20260323224159') RETURNING "version" /*application='App'*/[0m
  [1m[36mTRANSACTION (3.8ms)[0m  [1m[35mCOMMIT /*application='App'*/[0m
Migrating to AddJsonAttributesToSpinaAccounts (20260323224160)
  [1m[36mTRANSACTION (0.5ms)[0m  [1m[35mBEGIN /*application='App'*/[0m
  [1m[35m (3.4ms)[0m  [1m[35mALTER TABLE "spina_accounts" ADD "json_attributes" jsonb /*application='App'*/[0m
  [1m[36mActiveRecord::SchemaMigration Create (0.3ms)[0m  [1m[32mINSERT INTO "schema_migrations" ("version") VALUES ('20260323224160') RETURNING "version" /*application='App'*/[0m
  [1m[36mTRANSACTION (3.9ms)[0m  [1m[35mCOMMIT /*application='App'*/[0m
Migrating to AddJsonAttributesToSpinaPages (20260323224161)
  [1m[36mTRANSACTION (0.2ms)[0m  [1m[35mBEGIN /*application='App'*/[0m
  [1m[35m (3.6ms)[0m  [1m[35mALTER TABLE "spina_pages" ADD "json_attributes" jsonb /*application='App'*/[0m
  [1m[36mActiveRecord::SchemaMigration Create (0.2ms)[0m  [1m[32mINSERT INTO "schema_migrations" ("version") VALUES ('20260323224161') RETURNING "version" /*application='App'*/[0m
  [1m[36mTRANSACTION (3.5ms)[0m  [1m[35mCOMMIT /*application='App'*/[0m
Migrating to AddSlugToSpinaResources (20260323224162)
  [1m[36mTRANSACTION (0.2ms)[0m  [1m[35mBEGIN /*application='App'*/[0m
  [1m[35m (2.4ms)[0m  [1m[35mALTER TABLE "spina_resources" ADD "slug" jsonb /*application='App'*/[0m
  [1m[36mActiveRecord::SchemaMigration Create (0.3ms)[0m  [1m[32mINSERT INTO "schema_migrations" ("version") VALUES ('20260323224162') RETURNING "version" /*application='App'*/[0m
  [1m[36mTRANSACTION (3.0ms)[0m  [1m[35mCOMMIT /*application='App'*/[0m
Migrating to AddAncestryCacheColumnsToSpinaPages (20260323224163)
  [1m[36mTRANSACTION (0.2ms)[0m  [1m[35mBEGIN /*application='App'*/[0m
  [1m[35m (0.4ms)[0m  [1m[35mALTER TABLE "spina_pages" ADD "ancestry_depth" integer DEFAULT 0 /*application='App'*/[0m
  [1m[35m (0.4ms)[0m  [1m[35mALTER TABLE "spina_pages" ADD "ancestry_children_count" integer /*application='App'*/[0m
  [1m[36mActiveRecord::SchemaMigration Create (0.3ms)[0m  [1m[32mINSERT INTO "schema_migrations" ("version") VALUES ('20260323224163') RETURNING "version" /*application='App'*/[0m
  [1m[36mTRANSACTION (1.7ms)[0m  [1m[35mCOMMIT /*application='App'*/[0m
Migrating to AddCustomUrlsToSpinaNavigationItems (20260323224164)
  [1m[36mTRANSACTION (0.3ms)[0m  [1m[35mBEGIN /*application='App'*/[0m
  [1m[35m (3.2ms)[0m  [1m[35mALTER TABLE "spina_navigation_items" ADD "url" character varying /*application='App'*/[0m
  [1m[35m (0.3ms)[0m  [1m[35mALTER TABLE "spina_navigation_items" ADD "url_title" character varying /*application='App'*/[0m
  [1m[35m (0.6ms)[0m  [1m[35mALTER TABLE "spina_navigation_items" ADD "kind" character varying DEFAULT 'page' NOT NULL /*application='App'*/[0m
  [1m[35m (0.5ms)[0m  [1m[35mALTER TABLE "spina_navigation_items" ALTER COLUMN "page_id" DROP NOT NULL /*application='App'*/[0m
  [1m[36mActiveRecord::SchemaMigration Create (0.2ms)[0m  [1m[32mINSERT INTO "schema_migrations" ("version") VALUES ('20260323224164') RETURNING "version" /*application='App'*/[0m
  [1m[36mTRANSACTION (3.2ms)[0m  [1m[35mCOMMIT /*application='App'*/[0m
Migrating to ChangeDefaultSpinaResourcesSlug (20260323224165)
  [1m[36mTRANSACTION (0.2ms)[0m  [1m[35mBEGIN /*application='App'*/[0m
  [1m[35m (1.0ms)[0m  [1m[35mALTER TABLE "spina_resources" ALTER COLUMN "slug" TYPE jsonb, ALTER COLUMN "slug" SET DEFAULT '{}' /*application='App'*/[0m
  [1m[36mActiveRecord::SchemaMigration Create (0.3ms)[0m  [1m[32mINSERT INTO "schema_migrations" ("version") VALUES ('20260323224165') RETURNING "version" /*application='App'*/[0m
  [1m[36mTRANSACTION (0.7ms)[0m  [1m[35mCOMMIT /*application='App'*/[0m
  [1m[35m (0.2ms)[0m  [1m[34mSELECT pg_advisory_unlock(5277929974492897470) /*application='App'*/[0m
  [1m[36mActiveRecord::SchemaMigration Load (0.3ms)[0m  [1m[34mSELECT "schema_migrations"."version" FROM "schema_migrations" ORDER BY "schema_migrations"."version" ASC /*application='App'*/[0m
  [1m[35m (0.3ms)[0m  [1m[34mSELECT pg_try_advisory_lock(5277929974492897470) /*application='App'*/[0m
  [1m[36mActiveRecord::SchemaMigration Load (0.6ms)[0m  [1m[34mSELECT "schema_migrations"."version" FROM "schema_migrations" ORDER BY "schema_migrations"."version" ASC /*application='App'*/[0m
  [1m[36mActiveRecord::InternalMetadata Load (1.1ms)[0m  [1m[34mSELECT * FROM "ar_internal_metadata" WHERE "ar_internal_metadata"."key" = 'environment' ORDER BY "ar_internal_metadata"."key" ASC LIMIT 1 /*application='App'*/[0m
  [1m[35m (0.4ms)[0m  [1m[34mSELECT pg_advisory_unlock(5277929974492897470) /*application='App'*/[0m
  [1m[36mActiveRecord::SchemaMigration Load (0.3ms)[0m  [1m[34mSELECT "schema_migrations"."version" FROM "schema_migrations" ORDER BY "schema_migrations"."version" ASC /*application='App'*/[0m
  [1m[36mSpina::Account Exists? (2.6ms)[0m  [1m[34mSELECT 1 AS one FROM "spina_accounts" LIMIT 1 /*application='App'*/[0m
  [1m[36mSpina::Account Load (0.3ms)[0m  [1m[34mSELECT "spina_accounts".* FROM "spina_accounts" ORDER BY "spina_accounts"."id" ASC LIMIT 1 /*application='App'*/[0m
  [1m[36mSpina::Account Load (0.6ms)[0m  [1m[34mSELECT "spina_accounts".* FROM "spina_accounts" ORDER BY "spina_accounts"."id" ASC LIMIT 1 /*application='App'*/[0m
  [1m[36mTRANSACTION (0.4ms)[0m  [1m[35mBEGIN /*application='App'*/[0m
  [1m[36mSpina::Account Create (10.6ms)[0m  [1m[32mINSERT INTO "spina_accounts" ("name", "address", "postal_code", "city", "phone", "email", "preferences", "created_at", "updated_at", "robots_allowed", "json_attributes") VALUES ('Kiavi Demo', NULL, NULL, NULL, NULL, NULL, NULL, '2026-03-23 23:00:54.195179', '2026-03-23 23:00:54.195179', FALSE, '{"en_content":[]}') RETURNING "id" /*application='App'*/[0m
  [1m[36mTRANSACTION (1.4ms)[0m  [1m[35mCOMMIT /*application='App'*/[0m
  [1m[36mSpina::Account Load (0.5ms)[0m  [1m[34mSELECT "spina_accounts".* FROM "spina_accounts" ORDER BY "spina_accounts"."id" ASC LIMIT 1 /*application='App'*/[0m
  [1m[36mTRANSACTION (0.2ms)[0m  [1m[35mBEGIN /*application='App'*/[0m
  [1m[36mSpina::Account Update (2.5ms)[0m  [1m[33mUPDATE "spina_accounts" SET "preferences" = '---
theme: default
', "updated_at" = '2026-03-23 23:01:10.125397' WHERE "spina_accounts"."id" = 1 /*application='App'*/[0m
  [1m[36mTRANSACTION (3.3ms)[0m  [1m[35mCOMMIT /*application='App'*/[0m
  [1m[36mSpina::Account Load (0.3ms)[0m  [1m[34mSELECT "spina_accounts".* FROM "spina_accounts" ORDER BY "spina_accounts"."id" ASC LIMIT 1 /*application='App'*/[0m
  [1m[36mSpina::User Exists? (1.8ms)[0m  [1m[34mSELECT 1 AS one FROM "spina_users" LIMIT 1 /*application='App'*/[0m
  [1m[36mTRANSACTION (0.3ms)[0m  [1m[35mBEGIN /*application='App'*/[0m
  [1m[36mSpina::User Exists? (2.9ms)[0m  [1m[34mSELECT 1 AS one FROM "spina_users" WHERE "spina_users"."email" = 'admin@example.com' LIMIT 1 /*application='App'*/[0m
  [1m[36mSpina::User Create (0.4ms)[0m  [1m[32mINSERT INTO "spina_users" ("name", "email", "password_digest", "admin", "created_at", "updated_at", "last_logged_in", "password_reset_token", "password_reset_sent_at") VALUES ('admin', 'admin@example.com', '$2a$12$i9HLvs2FNyMrbC2TVASVsuMgrULSO70xOfGkaN89wYlCbEM9Q.QF2', TRUE, '2026-03-23 23:01:47.588068', '2026-03-23 23:01:47.588068', NULL, NULL, NULL) RETURNING "id" /*application='App'*/[0m
  [1m[36mTRANSACTION (1.1ms)[0m  [1m[35mCOMMIT /*application='App'*/[0m
  [1m[36mSpina::Account Load (3.9ms)[0m  [1m[34mSELECT "spina_accounts".* FROM "spina_accounts" ORDER BY "spina_accounts"."id" ASC LIMIT 1 /*application='App'*/[0m
  [1m[36mTRANSACTION (0.7ms)[0m  [1m[35mBEGIN /*application='App'*/[0m
  [1m[36mSpina::Navigation Load (4.6ms)[0m  [1m[34mSELECT "spina_navigations".* FROM "spina_navigations" WHERE "spina_navigations"."name" = 'main' ORDER BY "spina_navigations"."id" ASC LIMIT 1 /*application='App'*/[0m
  [1m[36mSpina::Navigation Exists? (0.7ms)[0m  [1m[34mSELECT 1 AS one FROM "spina_navigations" WHERE "spina_navigations"."name" = 'main' LIMIT 1 /*application='App'*/[0m
  [1m[36mSpina::Navigation Exists? (0.9ms)[0m  [1m[34mSELECT 1 AS one FROM "spina_navigations" WHERE "spina_navigations"."name" = 'main' LIMIT 1 /*application='App'*/[0m
  [1m[36mSpina::Navigation Create (0.9ms)[0m  [1m[32mINSERT INTO "spina_navigations" ("name", "label", "auto_add_pages", "position", "created_at", "updated_at") VALUES ('main', 'Main navigation', FALSE, 0, '2026-03-23 23:01:59.862302', '2026-03-23 23:01:59.862302') RETURNING "id" /*application='App'*/[0m
  [1m[36mSpina::Page Load (4.1ms)[0m  [1m[34mSELECT "spina_pages".* FROM "spina_pages" WHERE "spina_pages"."name" = 'homepage' ORDER BY "spina_pages"."id" ASC LIMIT 1 /*application='App'*/[0m
  [1m[36mSpina::Page Exists? (4.8ms)[0m  [1m[34mSELECT 1 AS one FROM "spina_pages" INNER JOIN "spina_page_translations" "spina_page_translations_en" ON "spina_page_translations_en"."spina_page_id" = "spina_pages"."id" AND "spina_page_translations_en"."locale" = 'en' WHERE "spina_pages"."id" IS NOT NULL AND "spina_page_translations_en"."materialized_path" = '/' LIMIT 1 /*application='App'*/[0m
  [1m[36mSpina::Page Maximum (1.0ms)[0m  [1m[34mSELECT MAX("spina_pages"."position") FROM "spina_pages" /*application='App'*/[0m
  [1m[36mSpina::Page Create (0.9ms)[0m  [1m[32mINSERT INTO "spina_pages" ("show_in_menu", "slug", "deletable", "created_at", "updated_at", "name", "skip_to_first_child", "view_template", "layout_template", "draft", "link_url", "ancestry", "position", "active", "resource_id", "json_attributes", "ancestry_depth", "ancestry_children_count") VALUES (TRUE, NULL, TRUE, '2026-03-23 23:02:02.615592', '2026-03-23 23:02:02.615592', 'homepage', FALSE, NULL, NULL, FALSE, NULL, NULL, 1, TRUE, NULL, '{"en_content":[]}', 0, NULL) RETURNING "id" /*application='App'*/[0m
  [1m[36mSpina::Page::Translation Create (1.7ms)[0m  [1m[32mINSERT INTO "spina_page_translations" ("spina_page_id", "locale", "title", "menu_title", "description", "seo_title", "materialized_path", "created_at", "updated_at", "url_title") VALUES (1, 'en', 'Homepage', NULL, NULL, NULL, '/', '2026-03-23 23:02:02.642199', '2026-03-23 23:02:02.642199', NULL) RETURNING "id" /*application='App'*/[0m
  [1m[36mSpina::Page Load (0.7ms)[0m  [1m[34mSELECT "spina_pages".* FROM "spina_pages" WHERE "spina_pages"."ancestry" = '1' /*application='App'*/[0m
  [1m[36mSpina::Navigation Update All (4.6ms)[0m  [1m[33mUPDATE "spina_navigations" SET "updated_at" = '2026-03-23 23:02:02.895043' WHERE ("spina_navigations"."id") IN (SELECT "spina_navigations"."id" FROM "spina_navigations" INNER JOIN "spina_navigation_items" ON "spina_navigations"."id" = "spina_navigation_items"."navigation_id" WHERE "spina_navigation_items"."page_id" = 1) /*application='App'*/[0m
  [1m[36mSpina::Page Exists? (1.0ms)[0m  [1m[34mSELECT 1 AS one FROM "spina_pages" INNER JOIN "spina_page_translations" "spina_page_translations_en" ON "spina_page_translations_en"."spina_page_id" = "spina_pages"."id" AND "spina_page_translations_en"."locale" = 'en' WHERE "spina_pages"."id" != 1 AND "spina_page_translations_en"."materialized_path" = '/' LIMIT 1 /*application='App'*/[0m
  [1m[36mSpina::Page Update (0.7ms)[0m  [1m[33mUPDATE "spina_pages" SET "deletable" = FALSE, "updated_at" = '2026-03-23 23:02:03.023586', "view_template" = 'homepage' WHERE "spina_pages"."id" = 1 /*application='App'*/[0m
  [1m[36mSpina::Page Load (0.4ms)[0m  [1m[34mSELECT "spina_pages".* FROM "spina_pages" WHERE "spina_pages"."ancestry" = '1' /*application='App'*/[0m
  [1m[36mSpina::Navigation Update All (0.7ms)[0m  [1m[33mUPDATE "spina_navigations" SET "updated_at" = '2026-03-23 23:02:03.043862' WHERE ("spina_navigations"."id") IN (SELECT "spina_navigations"."id" FROM "spina_navigations" INNER JOIN "spina_navigation_items" ON "spina_navigations"."id" = "spina_navigation_items"."navigation_id" WHERE "spina_navigation_items"."page_id" = 1) /*application='App'*/[0m
  [1m[36mSpina::Page Update All (0.8ms)[0m  [1m[33mUPDATE "spina_pages" SET "active" = FALSE WHERE "spina_pages"."active" = TRUE AND "spina_pages"."view_template" NOT IN ('homepage', 'show') /*application='App'*/[0m
  [1m[36mSpina::Page Update All (0.5ms)[0m  [1m[33mUPDATE "spina_pages" SET "active" = TRUE WHERE "spina_pages"."active" = FALSE AND "spina_pages"."view_template" IN ('homepage', 'show') /*application='App'*/[0m
  [1m[36mSpina::Page Update (0.9ms)[0m  [1m[33mUPDATE "spina_pages" SET "updated_at" = '2026-03-23 23:02:02.661297' WHERE "spina_pages"."id" = 1 /*application='App'*/[0m
  [1m[36mTRANSACTION (4.6ms)[0m  [1m[35mCOMMIT /*application='App'*/[0m
  [1m[36mSpina::Account Load (0.7ms)[0m  [1m[34mSELECT "spina_accounts".* FROM "spina_accounts" ORDER BY "spina_accounts"."id" ASC LIMIT 1 /*application='App'*/[0m
  [1m[36mSpina::Account Load (0.4ms)[0m  [1m[34mSELECT "spina_accounts".* FROM "spina_accounts" ORDER BY "spina_accounts"."id" ASC LIMIT 1 /*application='App'*/[0m
  [1m[36mSpina::User Load (0.4ms)[0m  [1m[34mSELECT "spina_users".* FROM "spina_users" ORDER BY "spina_users"."id" ASC LIMIT 1 /*application='App'*/[0m
Started GET "/" for 172.18.0.1 at 2026-03-23 23:13:41 +0000
Cannot render console from 172.18.0.1! Allowed networks: 127.0.0.0/127.255.255.255, ::1, ::ffff:127.0.0.0/::ffff:127.255.255.255
  [1m[36mActiveRecord::SchemaMigration Load (1.7ms)[0m  [1m[34mSELECT "schema_migrations"."version" FROM "schema_migrations" ORDER BY "schema_migrations"."version" ASC /*application='App'*/[0m
Processing by Spina::PagesController#homepage as HTML
  [1m[36mSpina::Account Load (0.7ms)[0m  [1m[34mSELECT "spina_accounts".* FROM "spina_accounts" ORDER BY "spina_accounts"."id" ASC LIMIT 1 /*action='homepage',application='App',controller='pages'*/[0m
  [1m[36mSpina::Page Load (1.3ms)[0m  [1m[34mSELECT "spina_pages".* FROM "spina_pages" WHERE "spina_pages"."name" = 'homepage' LIMIT 1 /*action='homepage',application='App',controller='pages'*/[0m
  [1m[36mCACHE Spina::Account Load (0.0ms)[0m  [1m[34mSELECT "spina_accounts".* FROM "spina_accounts" ORDER BY "spina_accounts"."id" ASC LIMIT 1[0m
  [1m[36mCACHE Spina::Page Load (0.2ms)[0m  [1m[34mSELECT "spina_pages".* FROM "spina_pages" WHERE "spina_pages"."name" = 'homepage' LIMIT 1[0m
  [1m[36mCACHE Spina::Page Load (1.2ms)[0m  [1m[34mSELECT "spina_pages".* FROM "spina_pages" WHERE "spina_pages"."name" = 'homepage' LIMIT 1[0m
  Rendering layout layouts/default/application.html.erb
  Rendering default/pages/homepage.html.erb within layouts/default/application
  [1m[36mSpina::Page::Translation Load (0.8ms)[0m  [1m[34mSELECT "spina_page_translations".* FROM "spina_page_translations" WHERE "spina_page_translations"."spina_page_id" = 1 /*action='homepage',application='App',controller='pages'*/[0m
  ↳ app/views/default/pages/homepage.html.erb:1
  Rendered default/pages/homepage.html.erb within layouts/default/application (Duration: 281.3ms | GC: 0.9ms)
  [1m[36mSpina::Page Load (0.7ms)[0m  [1m[34mSELECT "spina_pages".* FROM "spina_pages" WHERE "spina_pages"."ancestry" IS NULL AND "spina_pages"."active" = TRUE AND "spina_pages"."show_in_menu" = TRUE AND "spina_pages"."active" = TRUE AND "spina_pages"."draft" = FALSE ORDER BY "spina_pages"."position" ASC /*action='homepage',application='App',controller='pages'*/[0m
  ↳ app/views/default/shared/_navigation.html.erb:2
  [1m[36mCACHE Spina::Page::Translation Load (0.0ms)[0m  [1m[34mSELECT "spina_page_translations".* FROM "spina_page_translations" WHERE "spina_page_translations"."spina_page_id" = 1[0m
  ↳ app/views/default/shared/_navigation.html.erb:2
  [1m[36mSpina::Page Exists? (0.5ms)[0m  [1m[34mSELECT 1 AS one FROM "spina_pages" WHERE "spina_pages"."ancestry" = '1' AND "spina_pages"."active" = TRUE AND "spina_pages"."show_in_menu" = TRUE AND "spina_pages"."active" = TRUE AND "spina_pages"."draft" = FALSE LIMIT 1 /*action='homepage',application='App',controller='pages'*/[0m
  ↳ app/views/default/shared/_navigation.html.erb:2
  Rendered default/shared/_navigation.html.erb (Duration: 123.0ms | GC: 0.2ms)
  Rendered layout layouts/default/application.html.erb (Duration: 441.2ms | GC: 1.1ms)
Completed 200 OK in 5557ms (Views: 1177.6ms | ActiveRecord: 78.7ms (9 queries, 4 cached) | GC: 12.5ms)


Started GET "/favicon.ico" for 172.18.0.1 at 2026-03-23 23:13:50 +0000
Cannot render console from 172.18.0.1! Allowed networks: 127.0.0.0/127.255.255.255, ::1, ::ffff:127.0.0.0/::ffff:127.255.255.255
Processing by Spina::PagesController#show as */*
  Parameters: {"id"=>"favicon"}
  [1m[36mSpina::Account Load (0.8ms)[0m  [1m[34mSELECT "spina_accounts".* FROM "spina_accounts" ORDER BY "spina_accounts"."id" ASC LIMIT 1 /*action='show',application='App',controller='pages'*/[0m
  [1m[36mSpina::Page Load (0.7ms)[0m  [1m[34mSELECT "spina_pages".* FROM "spina_pages" INNER JOIN "spina_page_translations" "spina_page_translations_en" ON "spina_page_translations_en"."spina_page_id" = "spina_pages"."id" AND "spina_page_translations_en"."locale" = 'en' WHERE "spina_page_translations_en"."materialized_path" = '/favicon' LIMIT 1 /*action='show',application='App',controller='pages'*/[0m
  [1m[36mSpina::RewriteRule Load (22.4ms)[0m  [1m[34mSELECT "spina_rewrite_rules".* FROM "spina_rewrite_rules" WHERE "spina_rewrite_rules"."old_path" = '/favicon' LIMIT 1 /*action='show',application='App',controller='pages'*/[0m
  Rendering public/404.html
  Rendered public/404.html (Duration: 4.0ms | GC: 0.0ms)
Completed 404 Not Found in 945ms (Views: 23.5ms | ActiveRecord: 24.5ms (3 queries, 0 cached) | GC: 9.5ms)


Started GET "/admin" for 172.18.0.1 at 2026-03-23 23:14:36 +0000
Cannot render console from 172.18.0.1! Allowed networks: 127.0.0.0/127.255.255.255, ::1, ::ffff:127.0.0.0/::ffff:127.255.255.255
Processing by Spina::Admin::PagesController#index as HTML
  [1m[36mSpina::Account Load (0.5ms)[0m  [1m[34mSELECT "spina_accounts".* FROM "spina_accounts" ORDER BY "spina_accounts"."id" ASC LIMIT 1 /*action='index',application='App',controller='pages'*/[0m
Redirected to http://localhost:3000/admin/login
Filter chain halted as :authenticate rendered or redirected
Completed 302 Found in 2022ms (ActiveRecord: 0.5ms (1 query, 0 cached) | GC: 9.1ms)


Started GET "/admin/login" for 172.18.0.1 at 2026-03-23 23:14:39 +0000
Cannot render console from 172.18.0.1! Allowed networks: 127.0.0.0/127.255.255.255, ::1, ::ffff:127.0.0.0/::ffff:127.255.255.255
Processing by Spina::Admin::SessionsController#new as HTML
  [1m[36mSpina::Account Load (0.6ms)[0m  [1m[34mSELECT "spina_accounts".* FROM "spina_accounts" ORDER BY "spina_accounts"."id" ASC LIMIT 1 /*action='new',application='App',controller='sessions'*/[0m
  Rendering layout /usr/local/bundle/gems/spina-2.20.0views/layouts/spina/admin/sessions.html.erb
  Rendering /usr/local/bundle/gems/spina-2.20.0views/spina/admin/sessions/new.html.erb within layouts/spina/admin/sessions
  Rendered /usr/local/bundle/gems/spina-2.20.0views/spina/admin/sessions/new.html.erb within layouts/spina/admin/sessions (Duration: 456.9ms | GC: 12.5ms)
  Rendering /usr/local/bundle/gems/spina-2.20.0views/layouts/spina/admin/application.html.erb
  Rendered /usr/local/bundle/gems/spina-2.20.0views/spina/admin/shared/_version.html.erb (Duration: 1.9ms | GC: 0.0ms)
  Rendered /usr/local/bundle/gems/spina-2.20.0views/layouts/spina/admin/application.html.erb (Duration: 388.4ms | GC: 2.5ms)
  Rendered layout /usr/local/bundle/gems/spina-2.20.0views/layouts/spina/admin/sessions.html.erb (Duration: 862.9ms | GC: 15.0ms)
Completed 200 OK in 2230ms (Views: 883.4ms | ActiveRecord: 0.6ms (1 query, 0 cached) | GC: 21.2ms)


Started POST "/admin/sessions" for 172.18.0.1 at 2026-03-23 23:15:20 +0000
Cannot render console from 172.18.0.1! Allowed networks: 127.0.0.0/127.255.255.255, ::1, ::ffff:127.0.0.0/::ffff:127.255.255.255
Processing by Spina::Admin::SessionsController#create as TURBO_STREAM
  Parameters: {"authenticity_token"=>"[FILTERED]", "email"=>"[FILTERED]", "password"=>"[FILTERED]", "button"=>""}
  [1m[36mSpina::Account Load (0.5ms)[0m  [1m[34mSELECT "spina_accounts".* FROM "spina_accounts" ORDER BY "spina_accounts"."id" ASC LIMIT 1 /*action='create',application='App',controller='sessions'*/[0m
  [1m[36mSpina::User Load (0.7ms)[0m  [1m[34mSELECT "spina_users".* FROM "spina_users" WHERE "spina_users"."email" = 'admin@example.com' ORDER BY "spina_users"."id" ASC LIMIT 1 /*action='create',application='App',controller='sessions'*/[0m
  [1m[36mTRANSACTION (0.3ms)[0m  [1m[35mBEGIN /*action='create',application='App',controller='sessions'*/[0m
  [1m[36mSpina::User Update (3.2ms)[0m  [1m[33mUPDATE "spina_users" SET "updated_at" = '2026-03-23 23:15:21.877626', "last_logged_in" = '2026-03-23 23:15:21.877626' WHERE "spina_users"."id" = 1 /*action='create',application='App',controller='sessions'*/[0m
  [1m[36mTRANSACTION (36.2ms)[0m  [1m[35mCOMMIT /*action='create',application='App',controller='sessions'*/[0m
Redirected to http://localhost:3000/admin
Completed 302 Found in 1454ms (ActiveRecord: 43.7ms (3 queries, 0 cached) | GC: 2.8ms)


Started GET "/admin" for 172.18.0.1 at 2026-03-23 23:15:24 +0000
Cannot render console from 172.18.0.1! Allowed networks: 127.0.0.0/127.255.255.255, ::1, ::ffff:127.0.0.0/::ffff:127.255.255.255
Processing by Spina::Admin::PagesController#index as TURBO_STREAM
  [1m[36mSpina::Account Load (0.7ms)[0m  [1m[34mSELECT "spina_accounts".* FROM "spina_accounts" ORDER BY "spina_accounts"."id" ASC LIMIT 1 /*action='index',application='App',controller='pages'*/[0m
  [1m[36mSpina::User Load (0.3ms)[0m  [1m[34mSELECT "spina_users".* FROM "spina_users" WHERE "spina_users"."id" = 1 LIMIT 1 /*action='index',application='App',controller='pages'*/[0m
  Rendering layout /usr/local/bundle/gems/spina-2.20.0views/layouts/spina/admin/admin.html.erb
  Rendering /usr/local/bundle/gems/spina-2.20.0views/spina/admin/pages/index.html.erb within layouts/spina/admin/admin
  [1m[36mSpina::Resource Load (3.5ms)[0m  [1m[34mSELECT "spina_resources".* FROM "spina_resources" ORDER BY "spina_resources"."name" ASC /*action='index',application='App',controller='pages'*/[0m
  [1m[36mSpina::Page Exists? (0.4ms)[0m  [1m[34mSELECT 1 AS one FROM "spina_pages" WHERE "spina_pages"."active" = TRUE AND "spina_pages"."ancestry" IS NULL AND "spina_pages"."resource_id" IS NULL LIMIT 1 /*action='index',application='App',controller='pages'*/[0m
  [1m[36mSpina::Page Load (0.5ms)[0m  [1m[34mSELECT "spina_pages".* FROM "spina_pages" WHERE "spina_pages"."active" = TRUE AND "spina_pages"."ancestry" IS NULL AND "spina_pages"."resource_id" IS NULL ORDER BY "spina_pages"."position" ASC /*action='index',application='App',controller='pages'*/[0m
  [1m[36mSpina::Page::Translation Load (0.9ms)[0m  [1m[34mSELECT "spina_page_translations".* FROM "spina_page_translations" WHERE "spina_page_translations"."spina_page_id" = 1 /*action='index',application='App',controller='pages'*/[0m
  [1m[36mSpina::Page Exists? (0.7ms)[0m  [1m[34mSELECT 1 AS one FROM "spina_pages" WHERE "spina_pages"."ancestry" = '1' LIMIT 1 /*action='index',application='App',controller='pages'*/[0m
  [1m[36mCACHE Spina::Page Exists? (0.1ms)[0m  [1m[34mSELECT 1 AS one FROM "spina_pages" WHERE "spina_pages"."ancestry" = '1' LIMIT 1[0m
  [1m[36mCACHE Spina::Page Exists? (0.0ms)[0m  [1m[34mSELECT 1 AS one FROM "spina_pages" WHERE "spina_pages"."ancestry" = '1' LIMIT 1[0m
  Rendered /usr/local/bundle/gems/spina-2.20.0views/spina/admin/pages/index.html.erb within layouts/spina/admin/admin (Duration: 519.9ms | GC: 0.8ms)
  Rendered /usr/local/bundle/gems/spina-2.20.0views/spina/admin/shared/_navigation.html.erb (Duration: 169.3ms | GC: 0.0ms)
  Rendered /usr/local/bundle/gems/spina-2.20.0views/spina/admin/shared/_flash.html.erb (Duration: 1.7ms | GC: 0.0ms)
  Rendering /usr/local/bundle/gems/spina-2.20.0views/layouts/spina/admin/application.html.erb
  Rendered /usr/local/bundle/gems/spina-2.20.0views/spina/admin/shared/_version.html.erb (Duration: 0.1ms | GC: 0.0ms)
  Rendered /usr/local/bundle/gems/spina-2.20.0views/layouts/spina/admin/application.html.erb (Duration: 15.9ms | GC: 0.0ms)
  Rendered layout /usr/local/bundle/gems/spina-2.20.0views/layouts/spina/admin/admin.html.erb (Duration: 1885.0ms | GC: 0.8ms)
Completed 200 OK in 3335ms (Views: 1894.6ms | ActiveRecord: 10.0ms (9 queries, 2 cached) | GC: 1.0ms)


Started GET "/admin/pages/new?view_template=show" for 172.18.0.1 at 2026-03-23 23:15:33 +0000
Cannot render console from 172.18.0.1! Allowed networks: 127.0.0.0/127.255.255.255, ::1, ::ffff:127.0.0.0/::ffff:127.255.255.255
Processing by Spina::Admin::PagesController#new as HTML
  Parameters: {"view_template"=>"show"}
  [1m[36mSpina::Account Load (0.5ms)[0m  [1m[34mSELECT "spina_accounts".* FROM "spina_accounts" ORDER BY "spina_accounts"."id" ASC LIMIT 1 /*action='new',application='App',controller='pages'*/[0m
  [1m[36mSpina::User Load (0.7ms)[0m  [1m[34mSELECT "spina_users".* FROM "spina_users" WHERE "spina_users"."id" = 1 LIMIT 1 /*action='new',application='App',controller='pages'*/[0m
  [1m[36mSpina::Resource Load (0.5ms)[0m  [1m[34mSELECT "spina_resources".* FROM "spina_resources" WHERE "spina_resources"."id" IS NULL LIMIT 1 /*action='new',application='App',controller='pages'*/[0m
  Rendering layout /usr/local/bundle/gems/turbo-rails-2.0.23views/layouts/turbo_rails/frame.html.erb
  Rendering /usr/local/bundle/gems/spina-2.20.0views/spina/admin/pages/new.html.erb within layouts/turbo_rails/frame
  [1m[36mSpina::Resource Load (0.6ms)[0m  [1m[34mSELECT "spina_resources".* FROM "spina_resources" ORDER BY "spina_resources"."label" ASC /*action='new',application='App',controller='pages'*/[0m
  Rendered /usr/local/bundle/gems/spina-2.20.0views/spina/admin/pages/_new_page_form.html.erb (Duration: 122.4ms | GC: 0.0ms)
  Rendered /usr/local/bundle/gems/spina-2.20.0views/spina/admin/pages/new.html.erb within layouts/turbo_rails/frame (Duration: 166.2ms | GC: 0.4ms)
  Rendered layout /usr/local/bundle/gems/turbo-rails-2.0.23views/layouts/turbo_rails/frame.html.erb (Duration: 171.4ms | GC: 0.4ms)
Completed 200 OK in 1995ms (Views: 181.4ms | ActiveRecord: 3.7ms (4 queries, 0 cached) | GC: 0.7ms)


Started GET "/admin/parent_pages" for 172.18.0.1 at 2026-03-23 23:15:37 +0000
Cannot render console from 172.18.0.1! Allowed networks: 127.0.0.0/127.255.255.255, ::1, ::ffff:127.0.0.0/::ffff:127.255.255.255
Processing by Spina::Admin::ParentPagesController#index as HTML
  [1m[36mSpina::Account Load (0.6ms)[0m  [1m[34mSELECT "spina_accounts".* FROM "spina_accounts" ORDER BY "spina_accounts"."id" ASC LIMIT 1 /*action='index',application='App',controller='parent_pages'*/[0m
  [1m[36mSpina::User Load (0.5ms)[0m  [1m[34mSELECT "spina_users".* FROM "spina_users" WHERE "spina_users"."id" = 1 LIMIT 1 /*action='index',application='App',controller='parent_pages'*/[0m
  [1m[36mSpina::Resource Load (0.4ms)[0m  [1m[34mSELECT "spina_resources".* FROM "spina_resources" WHERE "spina_resources"."id" IS NULL LIMIT 1 /*action='index',application='App',controller='parent_pages'*/[0m
  Rendering layout /usr/local/bundle/gems/turbo-rails-2.0.23views/layouts/turbo_rails/frame.html.erb
  Rendering /usr/local/bundle/gems/spina-2.20.0views/spina/admin/parent_pages/index.html.erb within layouts/turbo_rails/frame
  [1m[36mSpina::Page Load (0.9ms)[0m  [1m[34mSELECT "spina_pages".* FROM "spina_pages" WHERE "spina_pages"."resource_id" IS NULL ORDER BY "spina_pages"."position" ASC /*action='index',application='App',controller='parent_pages'*/[0m
  [1m[36mSpina::Page::Translation Load (0.3ms)[0m  [1m[34mSELECT "spina_page_translations".* FROM "spina_page_translations" WHERE "spina_page_translations"."spina_page_id" = 1 /*action='index',application='App',controller='parent_pages'*/[0m
  Rendered /usr/local/bundle/gems/spina-2.20.0views/spina/admin/parent_pages/index.html.erb within layouts/turbo_rails/frame (Duration: 103.8ms | GC: 0.0ms)
  Rendered layout /usr/local/bundle/gems/turbo-rails-2.0.23views/layouts/turbo_rails/frame.html.erb (Duration: 106.4ms | GC: 0.0ms)
